Arguments: 
  /usr/bin/node /usr/share/yarn/bin/yarn.js

PATH: 
  /opt/firefox/firefox:/home/tanke/.npm-global/bin:/opt/firefox/firefox:/usr/src/linux-headers-5.12.0-19.3-liquorix-amd64/tools/power/x86/x86_energy_perf_policy:/usr/src/linux-headers-5.12.0-19.3-liquorix-amd64/tools/power/x86/turbostat:/usr/src/linux-headers-5.12.0-19.3-liquorix-amd64/tools/power/cpupower:/usr/src/linux-headers-5.12.0-19.3-liquorix-amd64/tools/perf:/usr/local/sbin:/usr/local/bin:/usr/sbin:/usr/bin:/sbin:/bin:/usr/games:/usr/local/games:/snap/bin:/home/tanke/.local/bin:/home/tanke/.local/bin

Yarn version: 
  1.22.18

Node version: 
  14.19.1

Platform: 
  linux x64

Trace: 
  SyntaxError: /media/tanke/2b617697-62b1-43d7-8497-b89ba81b7fac1/proyectos/mesos_challenge/oyikilApp_backend/package.json: Unexpected token } in JSON at position 608
      at JSON.parse (<anonymous>)
      at /usr/share/yarn/lib/cli.js:1625:59
      at Generator.next (<anonymous>)
      at step (/usr/share/yarn/lib/cli.js:310:30)
      at /usr/share/yarn/lib/cli.js:321:13

npm manifest: 
  {
    "name": "backend",
    "version": "1.0.0",
    "description": "",
    "main": "index.js",
    "scripts": {
      "start": "node ./dist/index.js",
      "dev": "nodemon ./src/index.js --exec babel-node",
      "build": "babel src --out-dir dist"
    },
    "keywords": [],
    "author": "",
    "license": "ISC",
    "dependencies": {
      "@babel/runtime": "7.16.3",
       "express-session": "~1.15.6",
       "connect-session-sequelize": "~6.0.0",
      "cors": "2.8.5",
      "express": "4.17.1",
      "jsonwebtoken": "^8.5.1",
      "morgan": "1.10.0",
      "sequelize": "6.12.0-alpha.1",
      "pg": "8.7.1",
      "pg-hstore": "2.3.4",
  
    },
    "devDependencies": {
      "@babel/cli": "7.16.0",
      "@babel/core": "7.16.0",
      "@babel/node": "7.16.0",
      "@babel/plugin-transform-runtime": "7.16.4",
      "@babel/preset-env": "7.16.4",
      "eslint": "8.3.0",
      "nodemon": "2.0.15"
    }
  }

yarn manifest: 
  No manifest

Lockfile: 
  No lockfile
